[
  {
    "level": "INFO",
    "message": "android.ndkVersion from module build.gradle is [21.4.7075529]"
  },
  {
    "level": "INFO",
    "message": "android.ndkPath from module build.gradle is /usr/lib/android-sdk/android-ndk-r21e"
  },
  {
    "level": "INFO",
    "message": "ndk.dir in local.properties is not set"
  },
  {
    "level": "INFO",
    "message": "Not considering ANDROID_NDK_HOME because support was removed after deprecation period."
  },
  {
    "level": "INFO",
    "message": "sdkFolder is /usr/lib/android-sdk"
  },
  {
    "level": "INFO",
    "message": "NDK side-by-side folder from sdkFolder /usr/lib/android-sdk/ndk does not exist"
  }
]